<?xml version="1.0" encoding="UTF-8"?>
<testng-results ignored="0" total="2" passed="2" failed="0" skipped="0">
  <reporter-output>
    <line>
      <![CDATA[hey]]>
    </line>
    <line>
      <![CDATA[createCampaign]]>
    </line>
  </reporter-output>
  <suite started-at="2024-07-11T14:30:57 IST" name="Suite" finished-at="2024-07-11T14:30:57 IST" duration-ms="130">
    <groups>
    </groups>
    <test started-at="2024-07-11T14:30:57 IST" name="Test" finished-at="2024-07-11T14:30:57 IST" duration-ms="130">
      <class name="com.zolocrm.testscript.createleadModule">
        <test-method signature="lead()[pri:0, instance:com.zolocrm.testscript.createleadModule@6253c26]" started-at="2024-07-11T14:30:57 IST" name="lead" finished-at="2024-07-11T14:30:57 IST" duration-ms="20" status="PASS">
          <reporter-output>
            <line>
              <![CDATA[hey]]>
            </line>
          </reporter-output>
        </test-method> <!-- lead -->
      </class> <!-- com.zolocrm.testscript.createleadModule -->
      <class name="com.zolocrm.testscript.CampaignModule">
        <test-method signature="createCampaign()[pri:0, instance:com.zolocrm.testscript.CampaignModule@d9345cd]" started-at="2024-07-11T14:30:57 IST" name="createCampaign" finished-at="2024-07-11T14:30:57 IST" duration-ms="9" status="PASS">
          <reporter-output>
            <line>
              <![CDATA[createCampaign]]>
            </line>
          </reporter-output>
        </test-method> <!-- createCampaign -->
      </class> <!-- com.zolocrm.testscript.CampaignModule -->
    </test> <!-- Test -->
  </suite> <!-- Suite -->
</testng-results>
